0 verbose cli /home/dan/.cache/hermit/pkg/node@18/bin/node /home/dan/Code/danstewart.dev/.hermit/node/lib/node_modules/npm/bin/npm-cli.js
1 info using npm@9.4.0
2 info using node@v18.13.0
3 timing npm:load:whichnode Completed in 0ms
4 timing config:load:defaults Completed in 1ms
5 timing config:load:file:/home/dan/Code/danstewart.dev/.hermit/node/lib/node_modules/npm/npmrc Completed in 1ms
6 timing config:load:builtin Completed in 1ms
7 timing config:load:cli Completed in 1ms
8 timing config:load:env Completed in 0ms
9 timing config:load:file:/home/dan/Code/danstewart.dev/.npmrc Completed in 0ms
10 timing config:load:project Completed in 2ms
11 timing config:load:file:/home/dan/.npmrc Completed in 0ms
12 timing config:load:user Completed in 0ms
13 timing config:load:file:/home/dan/Code/danstewart.dev/.hermit/node/etc/npmrc Completed in 0ms
14 timing config:load:global Completed in 0ms
15 timing config:load:setEnvs Completed in 1ms
16 timing config:load Completed in 6ms
17 timing npm:load:configload Completed in 6ms
18 timing npm:load:mkdirpcache Completed in 0ms
19 timing npm:load:mkdirplogs Completed in 0ms
20 verbose title npm exec @11ty/eleventy
21 verbose argv "exec" "--" "@11ty/eleventy"
22 timing npm:load:setTitle Completed in 0ms
23 timing config:load:flatten Completed in 1ms
24 timing npm:load:display Completed in 2ms
25 verbose logfile logs-max:10 dir:/home/dan/Code/danstewart.dev/.hermit/node/cache/_logs/2023-05-24T11_14_39_614Z-
26 verbose logfile /home/dan/Code/danstewart.dev/.hermit/node/cache/_logs/2023-05-24T11_14_39_614Z-debug-0.log
27 timing npm:load:logFile Completed in 3ms
28 timing npm:load:timers Completed in 0ms
29 timing npm:load:configScope Completed in 0ms
30 timing npm:load Completed in 11ms
31 silly logfile done cleaning log files
32 timing arborist:ctor Completed in 1ms
33 timing arborist:ctor Completed in 0ms
34 timing command:exec Completed in 490ms
35 verbose exit 0
36 timing npm Completed in 507ms
37 info ok
