0 verbose cli /home/dan/.cache/hermit/pkg/node@18/bin/node /home/dan/Code/danstewart.dev/.hermit/node/bin/npm
1 info using npm@9.4.0
2 info using node@v18.13.0
3 timing npm:load:whichnode Completed in 1ms
4 timing config:load:defaults Completed in 1ms
5 timing config:load:file:/home/dan/Code/danstewart.dev/.hermit/node/lib/node_modules/npm/npmrc Completed in 0ms
6 timing config:load:builtin Completed in 0ms
7 timing config:load:cli Completed in 1ms
8 timing config:load:env Completed in 0ms
9 timing config:load:file:/home/dan/.cache/typescript/5.0/.npmrc Completed in 0ms
10 timing config:load:project Completed in 0ms
11 timing config:load:file:/home/dan/.npmrc Completed in 0ms
12 timing config:load:user Completed in 0ms
13 timing config:load:file:/home/dan/Code/danstewart.dev/.hermit/node/etc/npmrc Completed in 0ms
14 timing config:load:global Completed in 0ms
15 timing config:load:setEnvs Completed in 1ms
16 timing config:load Completed in 4ms
17 timing npm:load:configload Completed in 4ms
18 timing npm:load:mkdirpcache Completed in 0ms
19 timing npm:load:mkdirplogs Completed in 0ms
20 verbose title npm install @types/markdown-it@ts5.0
21 verbose argv "install" "--ignore-scripts" "@types/markdown-it@ts5.0" "--save-dev" "--user-agent" "typesInstaller/5.0.4"
22 timing npm:load:setTitle Completed in 1ms
23 timing config:load:flatten Completed in 1ms
24 timing npm:load:display Completed in 1ms
25 verbose logfile logs-max:10 dir:/home/dan/Code/danstewart.dev/.hermit/node/cache/_logs/2023-05-24T11_11_59_614Z-
26 verbose logfile /home/dan/Code/danstewart.dev/.hermit/node/cache/_logs/2023-05-24T11_11_59_614Z-debug-0.log
27 timing npm:load:logFile Completed in 3ms
28 timing npm:load:timers Completed in 0ms
29 timing npm:load:configScope Completed in 0ms
30 timing npm:load Completed in 10ms
31 timing arborist:ctor Completed in 1ms
32 silly logfile done cleaning log files
33 timing idealTree:init Completed in 11ms
34 timing arborist:ctor Completed in 1ms
35 http fetch GET 200 https://registry.npmjs.org/@types%2fmarkdown-it 1396ms (cache miss)
36 timing idealTree:userRequests Completed in 1400ms
37 silly idealTree buildDeps
38 silly fetch manifest @types/markdown-it@12.2.3
39 silly placeDep ROOT @types/markdown-it@12.2.3 REPLACE for:  want: 12.2.3
40 timing idealTree:#root Completed in 5ms
41 timing idealTree:node_modules/@types/markdown-it Completed in 0ms
42 timing idealTree:buildDeps Completed in 5ms
43 timing idealTree:fixDepFlags Completed in 0ms
44 timing idealTree Completed in 1416ms
45 timing reify:loadTrees Completed in 1417ms
46 timing reify:diffTrees Completed in 1ms
47 silly reify moves {}
48 timing reify:retireShallow Completed in 1ms
49 timing reify:createSparse Completed in 0ms
50 timing reify:loadBundles Completed in 0ms
51 silly audit bulk request {
51 silly audit   '@types/d': [ '1.0.1' ],
51 silly audit   '@types/linkify-it': [ '3.0.2' ],
51 silly audit   '@types/mdurl': [ '1.0.2' ],
51 silly audit   '@types/node': [ '18.15.11' ],
51 silly audit   'types-registry': [ '0.1.645' ],
51 silly audit   '@types/markdown-it': [ '12.2.3' ]
51 silly audit }
52 timing reify:unpack Completed in 1ms
53 timing reify:unretire Completed in 0ms
54 timing build:queue Completed in 0ms
55 timing build:deps Completed in 0ms
56 timing build Completed in 0ms
57 timing reify:build Completed in 0ms
58 timing reify:trash Completed in 0ms
59 timing reify:save Completed in 6ms
60 http fetch POST 200 https://registry.npmjs.org/-/npm/v1/security/advisories/bulk 200ms
61 timing auditReport:getReport Completed in 201ms
62 silly audit report {}
63 timing auditReport:init Completed in 0ms
64 timing reify:audit Completed in 201ms
65 timing reify Completed in 1623ms
66 timing command:install Completed in 1626ms
67 verbose exit 0
68 timing npm Completed in 1642ms
69 info ok
